
> firefly@6.13.5 build /Users/JH/Firefly
> node scripts/generate-icons.js && npx tsx scripts/generate-lqips.ts && astro build && npx tsx scripts/subset-fonts.ts && pagefind --site dist

🔍 扫描源文件中的图标使用...

📁 找到 21 个源文件

🎨 发现 21 个不同的图标:

   fa7-solid: 3 个图标
   material-symbols: 16 个图标
   mdi: 1 个图标
   svg-spinners: 1 个图标

✅ 成功加载 21 个图标

📝 已生成: /Users/JH/Firefly/src/constants/icons.ts
📦 文件大小: 12.00 KB

Loaded 59 existing entries from src/constants/lqips.json
Found 59 images, 0 new to process.

Done! Processed 0/0 new images. Total: 59. Output: src/constants/lqips.json
12:14:49 [content] Syncing content
12:14:49 [content] Synced content
12:14:49 [types] Generated 198ms
12:14:49 [build] output: "static"
12:14:49 [build] mode: "static"
12:14:49 [build] directory: /Users/JH/Firefly/dist/
12:14:49 [build] Collecting build info...
12:14:49 [build] ✓ Completed in 296ms.
12:14:49 [build] Building static entrypoints...
12:14:50 [WARN] [astro-expressive-code] Error while highlighting code block using language "ASCII" in document "/Users/JH/Firefly/src/content/posts/Miko-Doc.md". The language could not be found. Using "txt" instead. Ensure that all required languages are either part of the bundle or custom languages provided in the "langs" config option.
12:14:51 [assets] Copying fonts (2 files)...
12:14:51 [vite] ✓ built in 2.01s
12:14:52 [WARN] [vite] [plugin builtin:vite-reporter] 
(!) Some chunks are larger than 500 kB after minification. Consider:
- Using dynamic import() to code-split the application
- Use build.rolldownOptions.output.codeSplitting to improve chunking: https://rolldown.rs/reference/OutputOptions.codeSplitting
- Adjust chunk size limit for this warning via build.chunkSizeWarningLimit.
12:14:52 [vite] ✓ built in 715ms
12:14:52 [build] Rearranging server assets...

 generating static routes 
12:14:52   ├─ /404.html (+28ms) 
12:14:52   ├─ /about/index.html (+7ms) 
12:14:52   ├─ /anime/index.html (+2ms) 
12:14:52   ├─ /api/allPostMeta.json (+1ms) 
12:14:52   ├─ /archive/index.html (+9ms) 
12:14:52   ├─ /bangumi/index.html (+8ms) 
12:14:52   ├─ /categories/index.html (+7ms) 
12:14:52   ├─ /friends/index.html (+14ms) 
12:14:52   ├─ /gallery/firefly-2026/index.html (+8ms) 
12:14:52   ├─ /gallery/encrypted-test/index.html (+16ms) 
12:14:52   ├─ /gallery/index.html (+7ms) 
12:14:52   ├─ /guestbook/index.html (+8ms) 
12:14:52   ├─ /posts/Miko-Doc/index.html (+11ms) 
12:14:52   ├─ /robots.txt (+1ms) 
12:14:52   ├─ /rss/index.html (+5ms) 
12:14:52   ├─ /rss.xml (+60ms) 
12:14:53   ├─ /search/index.html (+6ms) 
12:14:53   ├─ /sponsor/index.html (+5ms) 
12:14:53   ├─ /tags/index.html (+7ms) 
12:14:53   ├─ /index.html (+7ms) 
12:14:53 ✓ Completed in 426ms.

 generating optimized images 
12:14:53   ▶ /_astro/WeChat Crashed 1.GFkkqkZT_sKVSI.webp (reused cache entry) (+1ms) (1/49)
12:14:53   ▶ /_astro/cnm.DsEUruU6_Z1sElVx.webp (reused cache entry) (+1ms) (2/49)
12:14:53   ▶ /_astro/LSPosed.5qduhAew_wOG1I.webp (reused cache entry) (+1ms) (3/49)
12:14:53   ▶ /_astro/Main.GGPLhMWJ_2cGiik.webp (reused cache entry) (+1ms) (4/49)
12:14:53   ▶ /_astro/Hidden Module Step 2.B4YdDgxy_ZE1hLb.webp (reused cache entry) (+1ms) (5/49)
12:14:53   ▶ /_astro/avatar.CUfSpVlL_1wWhfD.webp (reused cache entry) (+1ms) (6/49)
12:14:53   ▶ /_astro/Hidden Module Step 1.DhVtNJt-_Z1k1ofG.webp (reused cache entry) (+1ms) (7/49)
12:14:53   ▶ /_astro/nahida.SXQQNNQv_243UJy.webp (reused cache entry) (+1ms) (8/49)
12:14:53   ▶ /_astro/Bug.C7QQcOkg_Z2kR3pM.webp (reused cache entry) (+1ms) (9/49)
12:14:53   ▶ /_astro/WeChat Crashed 2.png.bWVldi66_2wUfU3.webp (reused cache entry) (+2ms) (10/49)
12:14:53   ▶ /_astro/LSPosed.5qduhAew_Z1QPYPo.webp (reused cache entry) (+1ms) (11/49)
12:14:53   ▶ /_astro/cnm.DsEUruU6_1qCQDT.webp (reused cache entry) (+1ms) (12/49)
12:14:53   ▶ /_astro/Main.GGPLhMWJ_Z1mAQcx.webp (reused cache entry) (+1ms) (13/49)
12:14:53   ▶ /_astro/nahida.SXQQNNQv_9iILA.webp (reused cache entry) (+1ms) (14/49)
12:14:53   ▶ /_astro/Open NewMiko.JoiWRhgc_Z1Mrbqx.webp (reused cache entry) (+1ms) (15/49)
12:14:53   ▶ /_astro/KernelSU.DYHuzCZM_Z1BjU5w.webp (reused cache entry) (+1ms) (16/49)
12:14:53   ▶ /_astro/@lsposed.BrxAhEbU_Z1Ct5QK.webp (reused cache entry) (+1ms) (17/49)
12:14:53   ▶ /_astro/LSPosed.5qduhAew_Z8RgDH.webp (reused cache entry) (+1ms) (18/49)
12:14:53   ▶ /_astro/Strange Problems_ZIdOeV.webp (reused cache entry) (+2ms) (19/49)
12:14:53   ▶ /_astro/Strange Problems - Sulution_1wfrR0.webp (reused cache entry) (+2ms) (20/49)
12:14:53   ▶ /_astro/cnm.DsEUruU6_yjwlB.webp (reused cache entry) (+2ms) (21/49)
12:14:53   ▶ /_astro/nahida.SXQQNNQv_J9rFi.webp (reused cache entry) (+2ms) (22/49)
12:14:53   ▶ /_astro/KernelSU.DYHuzCZM_Z1Tk7lW.webp (reused cache entry) (+2ms) (23/49)
12:14:53   ▶ /_astro/avatar.CUfSpVlL_2bTYaI.webp (reused cache entry) (+3ms) (24/49)
12:14:53   ▶ /_astro/@lsposed.BrxAhEbU_xaItY.webp (reused cache entry) (+2ms) (25/49)
12:14:53   ▶ /_astro/manager.apk.Bh75_Frd_iUjwu.webp (reused cache entry) (+3ms) (26/49)
12:14:53   ▶ /_astro/cnm.DsEUruU6_A17g2.webp (reused cache entry) (+1ms) (27/49)
12:14:53   ▶ /_astro/Main.GGPLhMWJ_KKbjN.webp (reused cache entry) (+3ms) (28/49)
12:14:53   ▶ /_astro/Install NewMiko.BUQUSw14_24m2HN.webp (reused cache entry) (+2ms) (29/49)
12:14:53   ▶ /_astro/Enable NewMiko Step 1.D6qcfQbK_jTsWL.webp (reused cache entry) (+2ms) (30/49)
12:14:53   ▶ /_astro/LSPosed.5qduhAew_R4VCt.webp (reused cache entry) (+3ms) (31/49)
12:14:53   ▶ /_astro/Enable NewMiko Step 2.C7mostSX_2bESYd.webp (reused cache entry) (+1ms) (32/49)
12:14:53   ▶ /_astro/KernelSU.DYHuzCZM_2mkUEe.webp (reused cache entry) (+2ms) (33/49)
12:14:53   ▶ /_astro/Enable NewMiko Step 3.BIBvYhup_TnBG7.webp (reused cache entry) (+1ms) (34/49)
12:14:53   ▶ /_astro/@lsposed.BrxAhEbU_ZJW005.webp (reused cache entry) (+2ms) (35/49)
12:14:53   ▶ /_astro/KernelSU.DYHuzCZM_ZdY0tI.webp (reused cache entry) (+1ms) (36/49)
12:14:53   ▶ /_astro/@lsposed.BrxAhEbU_1zfSWN.webp (reused cache entry) (+0ms) (37/49)
12:14:53   ▶ /_astro/Main.GGPLhMWJ_ZTCIYk.webp (reused cache entry) (+3ms) (38/49)
12:14:53   ▶ /_astro/Nahida.9rvx6BQk_21hIWP.webp (reused cache entry) (+3ms) (39/49)
12:14:53   ▶ /_astro/Nahida.9rvx6BQk_1V7CBx.webp (reused cache entry) (+1ms) (40/49)
12:14:53   ▶ /_astro/Main.GGPLhMWJ_1SsMq6.webp (reused cache entry) (+2ms) (41/49)
12:14:53   ▶ /_astro/Nahida.9rvx6BQk_Z16GLKP.webp (reused cache entry) (+1ms) (42/49)
12:14:53   ▶ /_astro/Main.GGPLhMWJ_2lvz2b.webp (reused cache entry) (+2ms) (43/49)
12:14:53   ▶ /_astro/Nahida.9rvx6BQk_2uBhj4.webp (reused cache entry) (+2ms) (44/49)
12:14:53   ▶ /_astro/Nahida.9rvx6BQk_Z1H1Mh3.webp (reused cache entry) (+1ms) (45/49)
12:14:53   ▶ /_astro/Nahida.9rvx6BQk_ZhwfuB.webp (reused cache entry) (+1ms) (46/49)
12:14:53   ▶ /_astro/Nahida.9rvx6BQk_1Po114.webp (reused cache entry) (+0ms) (47/49)
12:14:53   ▶ /_astro/Nahida.9rvx6BQk_Z3dv7K.webp (reused cache entry) (+0ms) (48/49)
12:14:53   ▶ /_astro/Nahida.9rvx6BQk_1I6O4K.webp (reused cache entry) (+0ms) (49/49)
12:14:53 ✓ Completed in 15ms.

12:14:53 [build] ✓ Completed in 3.23s.
12:14:53 [@astrojs/sitemap] `sitemap-index.xml` created at `dist`
12:14:53 [build] 17 page(s) built in 3.55s
12:14:53 [build] Complete!
🔤 Font subsetting started...
   No local fonts with subset: true found. Skipping.

Running Pagefind v1.5.2 (Extended)
Running from: "/Users/JH/Firefly"
Source:       "dist"
Output:       "dist/pagefind"

[Walking source directory]
Found 17 files matching **/*.{html}

[Parsing files]
Found a data-pagefind-body element on the site.
↳ Ignoring pages without this tag.

[Reading languages]
Discovered 1 language: zh-cn

[Building search indexes]
Total: 
  Indexed 1 language
  Indexed 4 pages
  Indexed 728 words
  Indexed 0 filters
  Indexed 0 sorts

Finished in 0.406 seconds
